<?xml version="1.0" encoding="UTF-8"?>
<testng-results ignored="0" total="2" passed="2" failed="0" skipped="0">
  <reporter-output>
  </reporter-output>
  <suite started-at="2025-01-09T11:15:22 IST" name="Suite" finished-at="2025-01-09T11:15:35 IST" duration-ms="13720">
    <groups>
    </groups>
    <test started-at="2025-01-09T11:15:22 IST" name="Test" finished-at="2025-01-09T11:15:35 IST" duration-ms="13720">
      <class name="testCases.Tc002LoginPage">
        <test-method is-config="true" signature="setUp(java.lang.String)[pri:0, instance:testCases.Tc002LoginPage@42bc14c1]" started-at="2025-01-09T11:15:30 IST" name="setUp" finished-at="2025-01-09T11:15:32 IST" duration-ms="2556" status="PASS">
          <params>
            <param index="0">
              <value>
                <![CDATA[edge]]>
              </value>
            </param>
          </params>
          <reporter-output>
          </reporter-output>
        </test-method> <!-- setUp -->
        <test-method signature="TestLoginPage()[pri:0, instance:testCases.Tc002LoginPage@42bc14c1]" started-at="2025-01-09T11:15:32 IST" name="TestLoginPage" finished-at="2025-01-09T11:15:34 IST" duration-ms="1953" status="PASS">
          <reporter-output>
          </reporter-output>
        </test-method> <!-- TestLoginPage -->
        <test-method is-config="true" signature="tearDown()[pri:0, instance:testCases.Tc002LoginPage@42bc14c1]" started-at="2025-01-09T11:15:34 IST" name="tearDown" finished-at="2025-01-09T11:15:35 IST" duration-ms="1330" status="PASS">
          <reporter-output>
          </reporter-output>
        </test-method> <!-- tearDown -->
      </class> <!-- testCases.Tc002LoginPage -->
      <class name="testCases.Tc001_AccountRegisterionationTest">
        <test-method is-config="true" signature="setUp(java.lang.String)[pri:0, instance:testCases.Tc001_AccountRegisterionationTest@388526fb]" started-at="2025-01-09T11:15:22 IST" name="setUp" finished-at="2025-01-09T11:15:25 IST" duration-ms="3488" status="PASS">
          <params>
            <param index="0">
              <value>
                <![CDATA[edge]]>
              </value>
            </param>
          </params>
          <reporter-output>
          </reporter-output>
        </test-method> <!-- setUp -->
        <test-method signature="verify_AccountRegrestion()[pri:0, instance:testCases.Tc001_AccountRegisterionationTest@388526fb]" started-at="2025-01-09T11:15:25 IST" name="verify_AccountRegrestion" finished-at="2025-01-09T11:15:28 IST" duration-ms="2932" status="PASS">
          <reporter-output>
          </reporter-output>
        </test-method> <!-- verify_AccountRegrestion -->
        <test-method is-config="true" signature="tearDown()[pri:0, instance:testCases.Tc001_AccountRegisterionationTest@388526fb]" started-at="2025-01-09T11:15:28 IST" name="tearDown" finished-at="2025-01-09T11:15:29 IST" duration-ms="1369" status="PASS">
          <reporter-output>
          </reporter-output>
        </test-method> <!-- tearDown -->
      </class> <!-- testCases.Tc001_AccountRegisterionationTest -->
    </test> <!-- Test -->
  </suite> <!-- Suite -->
</testng-results>
